[2024-09-30 13:15:34.667]	development.info	go-gin/main.go:17	日志初始化成功
[2024-10-01 01:10:09.717]	development.info	go-gin/main.go:18	日志初始化成功
[2024-10-01 01:10:09.724]	development.fatal	bootstrap/db.go:36	不支持的数据库类型: %s	{"dbType": ""}
[2024-10-01 01:12:14.064]	development.info	go-gin/main.go:18	日志初始化成功
[2024-10-01 01:12:14.069]	development.fatal	bootstrap/db.go:36	不支持的数据库类型: %s	{"dbType": ""}
[2024-10-01 01:27:53.733]	development.info	go-gin/main.go:18	日志初始化成功
[2024-10-01 01:27:53.738]	development.fatal	bootstrap/db.go:36	不支持的数据库类型: %s	{"dbType": ""}
[2024-10-01 01:31:34.633]	development.info	go-gin/main.go:18	日志初始化成功
[2024-10-01 01:31:34.638]	development.fatal	bootstrap/db.go:36	不支持的数据库类型: %s	{"dbType": ""}
[2024-10-01 01:31:50.550]	development.info	go-gin/main.go:18	日志初始化成功
[2024-10-01 01:31:50.555]	development.fatal	bootstrap/db.go:36	不支持的数据库类型: %s	{"dbType": ""}
[2024-10-01 01:36:13.691]	development.info	go-gin/main.go:18	日志初始化成功
[2024-10-01 01:36:14.486]	development.fatal	bootstrap/db.go:36	不支持的数据库类型: %s	{"dbType": ""}
[2024-10-01 01:36:27.797]	development.info	go-gin/main.go:18	日志初始化成功
[2024-10-01 01:36:49.823]	development.fatal	bootstrap/db.go:36	不支持的数据库类型: %s	{"dbType": ""}
[2024-10-01 01:39:53.582]	development.info	go-gin/main.go:18	日志初始化成功
[2024-10-01 01:40:43.057]	development.info	bootstrap/db.go:29	当前数据库类型	{"dbType": ""}
[2024-10-01 01:40:44.935]	development.fatal	bootstrap/db.go:38	不支持的数据库类型: %s	{"dbType": ""}
[2024-10-01 01:43:21.372]	development.info	go-gin/main.go:18	日志初始化成功
[2024-10-01 01:46:14.188]	development.info	go-gin/main.go:18	日志初始化成功
[2024-10-01 01:50:44.127]	development.info	go-gin/main.go:18	日志初始化成功
[2024-10-01 01:52:32.160]	development.info	go-gin/main.go:18	日志初始化成功
[2024-10-01 02:07:25.976]	development.info	go-gin/main.go:20	日志初始化成功
{"level":"development.info","ts":"[2024-10-01 02:47:10.398]","caller":"go-gin/main.go:18","msg":"日志初始化成功","stacktrace":"main.main\n\tD:/Project/go-project/go-gin/main.go:18\nruntime.main\n\tC:/Users/Jason/go/pkg/mod/golang.org/toolchain@v0.0.1-go1.23.1.windows-amd64/src/runtime/proc.go:272"}
{"level":"development.info","ts":"[2024-10-01 02:47:12.162]","caller":"go-gin/main.go:22","msg":"数据库初始化成功","stacktrace":"main.main\n\tD:/Project/go-project/go-gin/main.go:22\nruntime.main\n\tC:/Users/Jason/go/pkg/mod/golang.org/toolchain@v0.0.1-go1.23.1.windows-amd64/src/runtime/proc.go:272"}
